Server Running At 443
connected
getSlideDetails static/ppt/undefined/
Missing error handler on `socket`.
Error: ENOENT, no such file or directory 'static/ppt/undefined/'
    at Object.fs.readdirSync (fs.js:659:18)
    at getCount (/home/ubuntu/kurento-recorder/server.js:61:20)
    at Socket.<anonymous> (/home/ubuntu/kurento-recorder/server.js:29:30)
    at Socket.EventEmitter.emit (events.js:95:17)
    at Socket.onevent (/home/ubuntu/kurento-recorder/node_modules/socket.io/lib/socket.js:335:8)
    at Socket.onpacket (/home/ubuntu/kurento-recorder/node_modules/socket.io/lib/socket.js:295:12)
    at Client.ondecoded (/home/ubuntu/kurento-recorder/node_modules/socket.io/lib/client.js:193:14)
    at Decoder.Emitter.emit (/home/ubuntu/kurento-recorder/node_modules/socket.io/node_modules/socket.io-parser/node_modules/component-emitter/index.js:134:20)
    at Decoder.add (/home/ubuntu/kurento-recorder/node_modules/socket.io/node_modules/socket.io-parser/index.js:247:12)
    at Client.ondata (/home/ubuntu/kurento-recorder/node_modules/socket.io/lib/client.js:175:18)
connected
getSlideDetails static/ppt/0/
Missing error handler on `socket`.
Error: ENOENT, no such file or directory 'static/ppt/0/'
    at Object.fs.readdirSync (fs.js:659:18)
    at getCount (/home/ubuntu/kurento-recorder/server.js:61:20)
    at Socket.<anonymous> (/home/ubuntu/kurento-recorder/server.js:29:30)
    at Socket.EventEmitter.emit (events.js:95:17)
    at Socket.onevent (/home/ubuntu/kurento-recorder/node_modules/socket.io/lib/socket.js:335:8)
    at Socket.onpacket (/home/ubuntu/kurento-recorder/node_modules/socket.io/lib/socket.js:295:12)
    at Client.ondecoded (/home/ubuntu/kurento-recorder/node_modules/socket.io/lib/client.js:193:14)
    at Decoder.Emitter.emit (/home/ubuntu/kurento-recorder/node_modules/socket.io/node_modules/socket.io-parser/node_modules/component-emitter/index.js:134:20)
    at Decoder.add (/home/ubuntu/kurento-recorder/node_modules/socket.io/node_modules/socket.io-parser/index.js:247:12)
    at Client.ondata (/home/ubuntu/kurento-recorder/node_modules/socket.io/lib/client.js:175:18)
connected
getSlideDetails static/ppt/0/
Missing error handler on `socket`.
Error: ENOENT, no such file or directory 'static/ppt/0/'
    at Object.fs.readdirSync (fs.js:659:18)
    at getCount (/home/ubuntu/kurento-recorder/server.js:61:20)
    at Socket.<anonymous> (/home/ubuntu/kurento-recorder/server.js:29:30)
    at Socket.EventEmitter.emit (events.js:95:17)
    at Socket.onevent (/home/ubuntu/kurento-recorder/node_modules/socket.io/lib/socket.js:335:8)
    at Socket.onpacket (/home/ubuntu/kurento-recorder/node_modules/socket.io/lib/socket.js:295:12)
    at Client.ondecoded (/home/ubuntu/kurento-recorder/node_modules/socket.io/lib/client.js:193:14)
    at Decoder.Emitter.emit (/home/ubuntu/kurento-recorder/node_modules/socket.io/node_modules/socket.io-parser/node_modules/component-emitter/index.js:134:20)
    at Decoder.add (/home/ubuntu/kurento-recorder/node_modules/socket.io/node_modules/socket.io-parser/index.js:247:12)
    at Client.ondata (/home/ubuntu/kurento-recorder/node_modules/socket.io/lib/client.js:175:18)
connected
getSlideDetails static/ppt/0/
Missing error handler on `socket`.
Error: ENOENT, no such file or directory 'static/ppt/0/'
    at Object.fs.readdirSync (fs.js:659:18)
    at getCount (/home/ubuntu/kurento-recorder/server.js:61:20)
    at Socket.<anonymous> (/home/ubuntu/kurento-recorder/server.js:29:30)
    at Socket.EventEmitter.emit (events.js:95:17)
    at Socket.onevent (/home/ubuntu/kurento-recorder/node_modules/socket.io/lib/socket.js:335:8)
    at Socket.onpacket (/home/ubuntu/kurento-recorder/node_modules/socket.io/lib/socket.js:295:12)
    at Client.ondecoded (/home/ubuntu/kurento-recorder/node_modules/socket.io/lib/client.js:193:14)
    at Decoder.Emitter.emit (/home/ubuntu/kurento-recorder/node_modules/socket.io/node_modules/socket.io-parser/node_modules/component-emitter/index.js:134:20)
    at Decoder.add (/home/ubuntu/kurento-recorder/node_modules/socket.io/node_modules/socket.io-parser/index.js:247:12)
    at Client.ondata (/home/ubuntu/kurento-recorder/node_modules/socket.io/lib/client.js:175:18)
connected
getSlideDetails static/ppt/0/
Missing error handler on `socket`.
Error: ENOENT, no such file or directory 'static/ppt/0/'
    at Object.fs.readdirSync (fs.js:659:18)
    at getCount (/home/ubuntu/kurento-recorder/server.js:61:20)
    at Socket.<anonymous> (/home/ubuntu/kurento-recorder/server.js:29:30)
    at Socket.EventEmitter.emit (events.js:95:17)
    at Socket.onevent (/home/ubuntu/kurento-recorder/node_modules/socket.io/lib/socket.js:335:8)
    at Socket.onpacket (/home/ubuntu/kurento-recorder/node_modules/socket.io/lib/socket.js:295:12)
    at Client.ondecoded (/home/ubuntu/kurento-recorder/node_modules/socket.io/lib/client.js:193:14)
    at Decoder.Emitter.emit (/home/ubuntu/kurento-recorder/node_modules/socket.io/node_modules/socket.io-parser/node_modules/component-emitter/index.js:134:20)
    at Decoder.add (/home/ubuntu/kurento-recorder/node_modules/socket.io/node_modules/socket.io-parser/index.js:247:12)
    at Client.ondata (/home/ubuntu/kurento-recorder/node_modules/socket.io/lib/client.js:175:18)
connected
getSlideDetails static/ppt/0/
Missing error handler on `socket`.
Error: ENOENT, no such file or directory 'static/ppt/0/'
    at Object.fs.readdirSync (fs.js:659:18)
    at getCount (/home/ubuntu/kurento-recorder/server.js:61:20)
    at Socket.<anonymous> (/home/ubuntu/kurento-recorder/server.js:29:30)
    at Socket.EventEmitter.emit (events.js:95:17)
    at Socket.onevent (/home/ubuntu/kurento-recorder/node_modules/socket.io/lib/socket.js:335:8)
    at Socket.onpacket (/home/ubuntu/kurento-recorder/node_modules/socket.io/lib/socket.js:295:12)
    at Client.ondecoded (/home/ubuntu/kurento-recorder/node_modules/socket.io/lib/client.js:193:14)
    at Decoder.Emitter.emit (/home/ubuntu/kurento-recorder/node_modules/socket.io/node_modules/socket.io-parser/node_modules/component-emitter/index.js:134:20)
    at Decoder.add (/home/ubuntu/kurento-recorder/node_modules/socket.io/node_modules/socket.io-parser/index.js:247:12)
    at Client.ondata (/home/ubuntu/kurento-recorder/node_modules/socket.io/lib/client.js:175:18)
connected
getSlideDetails static/ppt/0/
Missing error handler on `socket`.
Error: ENOENT, no such file or directory 'static/ppt/0/'
    at Object.fs.readdirSync (fs.js:659:18)
    at getCount (/home/ubuntu/kurento-recorder/server.js:61:20)
    at Socket.<anonymous> (/home/ubuntu/kurento-recorder/server.js:29:30)
    at Socket.EventEmitter.emit (events.js:95:17)
    at Socket.onevent (/home/ubuntu/kurento-recorder/node_modules/socket.io/lib/socket.js:335:8)
    at Socket.onpacket (/home/ubuntu/kurento-recorder/node_modules/socket.io/lib/socket.js:295:12)
    at Client.ondecoded (/home/ubuntu/kurento-recorder/node_modules/socket.io/lib/client.js:193:14)
    at Decoder.Emitter.emit (/home/ubuntu/kurento-recorder/node_modules/socket.io/node_modules/socket.io-parser/node_modules/component-emitter/index.js:134:20)
    at Decoder.add (/home/ubuntu/kurento-recorder/node_modules/socket.io/node_modules/socket.io-parser/index.js:247:12)
    at Client.ondata (/home/ubuntu/kurento-recorder/node_modules/socket.io/lib/client.js:175:18)
connected
getSlideDetails static/ppt/0/
Missing error handler on `socket`.
Error: ENOENT, no such file or directory 'static/ppt/0/'
    at Object.fs.readdirSync (fs.js:659:18)
    at getCount (/home/ubuntu/kurento-recorder/server.js:61:20)
    at Socket.<anonymous> (/home/ubuntu/kurento-recorder/server.js:29:30)
    at Socket.EventEmitter.emit (events.js:95:17)
    at Socket.onevent (/home/ubuntu/kurento-recorder/node_modules/socket.io/lib/socket.js:335:8)
    at Socket.onpacket (/home/ubuntu/kurento-recorder/node_modules/socket.io/lib/socket.js:295:12)
    at Client.ondecoded (/home/ubuntu/kurento-recorder/node_modules/socket.io/lib/client.js:193:14)
    at Decoder.Emitter.emit (/home/ubuntu/kurento-recorder/node_modules/socket.io/node_modules/socket.io-parser/node_modules/component-emitter/index.js:134:20)
    at Decoder.add (/home/ubuntu/kurento-recorder/node_modules/socket.io/node_modules/socket.io-parser/index.js:247:12)
    at Client.ondata (/home/ubuntu/kurento-recorder/node_modules/socket.io/lib/client.js:175:18)
connected
getSlideDetails static/ppt/0/
Missing error handler on `socket`.
Error: ENOENT, no such file or directory 'static/ppt/0/'
    at Object.fs.readdirSync (fs.js:659:18)
    at getCount (/home/ubuntu/kurento-recorder/server.js:61:20)
    at Socket.<anonymous> (/home/ubuntu/kurento-recorder/server.js:29:30)
    at Socket.EventEmitter.emit (events.js:95:17)
    at Socket.onevent (/home/ubuntu/kurento-recorder/node_modules/socket.io/lib/socket.js:335:8)
    at Socket.onpacket (/home/ubuntu/kurento-recorder/node_modules/socket.io/lib/socket.js:295:12)
    at Client.ondecoded (/home/ubuntu/kurento-recorder/node_modules/socket.io/lib/client.js:193:14)
    at Decoder.Emitter.emit (/home/ubuntu/kurento-recorder/node_modules/socket.io/node_modules/socket.io-parser/node_modules/component-emitter/index.js:134:20)
    at Decoder.add (/home/ubuntu/kurento-recorder/node_modules/socket.io/node_modules/socket.io-parser/index.js:247:12)
    at Client.ondata (/home/ubuntu/kurento-recorder/node_modules/socket.io/lib/client.js:175:18)
connected
getSlideDetails static/ppt/0/
Missing error handler on `socket`.
Error: ENOENT, no such file or directory 'static/ppt/0/'
    at Object.fs.readdirSync (fs.js:659:18)
    at getCount (/home/ubuntu/kurento-recorder/server.js:61:20)
    at Socket.<anonymous> (/home/ubuntu/kurento-recorder/server.js:29:30)
    at Socket.EventEmitter.emit (events.js:95:17)
    at Socket.onevent (/home/ubuntu/kurento-recorder/node_modules/socket.io/lib/socket.js:335:8)
    at Socket.onpacket (/home/ubuntu/kurento-recorder/node_modules/socket.io/lib/socket.js:295:12)
    at Client.ondecoded (/home/ubuntu/kurento-recorder/node_modules/socket.io/lib/client.js:193:14)
    at Decoder.Emitter.emit (/home/ubuntu/kurento-recorder/node_modules/socket.io/node_modules/socket.io-parser/node_modules/component-emitter/index.js:134:20)
    at Decoder.add (/home/ubuntu/kurento-recorder/node_modules/socket.io/node_modules/socket.io-parser/index.js:247:12)
    at Client.ondata (/home/ubuntu/kurento-recorder/node_modules/socket.io/lib/client.js:175:18)
error: Forever detected script was killed by signal: SIGKILL
error: Script restart attempt #1
Server Running At 443
error: Forever detected script was killed by signal: SIGKILL
error: Script restart attempt #2
Server Running At 443
error: Forever detected script was killed by signal: SIGKILL
error: Script restart attempt #3
Server Running At 443
error: Forever detected script was killed by signal: SIGKILL
error: Script restart attempt #4
Server Running At 443
error: Forever detected script was killed by signal: SIGKILL
error: Script restart attempt #5
Server Running At 443
error: Forever detected script was killed by signal: SIGKILL
error: Script restart attempt #6
Server Running At 8000
error: Forever detected script was killed by signal: SIGKILL
error: Script restart attempt #7
Server Running At 443
